<?xml version="1.0" encoding="UTF-8"?>
<!-- Generated by org.testng.reporters.JUnitXMLReporter -->
<testsuite ignored="0" hostname="LAPTOP-MUNDMCAQ" failures="0" tests="3" name="Surefire test" time="8.526" errors="0" timestamp="2025-05-20T14:05:00 IST">
  <testcase classname="tests.LoginTest" name="testInvalidPassword" time="1.245"/>
  <testcase classname="tests.LoginTest" name="testInvalidUser" time="0.171"/>
  <testcase classname="tests.LoginTest" name="testLoginSuccess" time="1.35"/>
</testsuite> <!-- Surefire test -->
