<?xml version="1.0" encoding="UTF-8"?>
<testng-results ignored="0" total="1" passed="1" failed="0" skipped="0">
  <reporter-output>
  </reporter-output>
  <suite started-at="2025-05-11T16:17:32 IST" name="Surefire suite" finished-at="2025-05-11T16:17:43 IST" duration-ms="10861">
    <groups>
    </groups>
    <test started-at="2025-05-11T16:17:32 IST" name="Surefire test" finished-at="2025-05-11T16:17:43 IST" duration-ms="10861">
      <class name="tests.LoginTest">
        <test-method is-config="true" signature="setup()[pri:0, instance:tests.LoginTest@6a28ffa4]" started-at="2025-05-11T16:17:32 IST" name="setup" finished-at="2025-05-11T16:17:41 IST" duration-ms="8569" status="PASS">
          <reporter-output>
          </reporter-output>
        </test-method> <!-- setup -->
        <test-method signature="testLoginSuccess()[pri:0, instance:tests.LoginTest@6a28ffa4]" started-at="2025-05-11T16:17:41 IST" name="testLoginSuccess" finished-at="2025-05-11T16:17:43 IST" duration-ms="2021" status="PASS">
          <reporter-output>
          </reporter-output>
        </test-method> <!-- testLoginSuccess -->
        <test-method is-config="true" signature="tearDown()[pri:0, instance:tests.LoginTest@6a28ffa4]" started-at="2025-05-11T16:17:43 IST" name="tearDown" finished-at="2025-05-11T16:17:43 IST" duration-ms="245" status="PASS">
          <reporter-output>
          </reporter-output>
        </test-method> <!-- tearDown -->
      </class> <!-- tests.LoginTest -->
    </test> <!-- Surefire test -->
  </suite> <!-- Surefire suite -->
</testng-results>
