<?xml version="1.0" encoding="UTF-8"?>
<testng-results ignored="0" total="3" passed="3" failed="0" skipped="0">
  <reporter-output>
  </reporter-output>
  <suite started-at="2025-05-20T14:04:52 IST" name="Surefire suite" finished-at="2025-05-20T14:05:00 IST" duration-ms="8526">
    <groups>
    </groups>
    <test started-at="2025-05-20T14:04:52 IST" name="Surefire test" finished-at="2025-05-20T14:05:00 IST" duration-ms="8526">
      <class name="tests.LoginTest">
        <test-method is-config="true" signature="setup()[pri:0, instance:tests.LoginTest@1700915]" started-at="2025-05-20T14:04:52 IST" name="setup" finished-at="2025-05-20T14:04:57 IST" duration-ms="5453" status="PASS">
          <reporter-output>
          </reporter-output>
        </test-method> <!-- setup -->
        <test-method signature="testInvalidPassword()[pri:0, instance:tests.LoginTest@1700915]" started-at="2025-05-20T14:04:57 IST" name="testInvalidPassword" finished-at="2025-05-20T14:04:59 IST" duration-ms="1245" status="PASS">
          <reporter-output>
          </reporter-output>
        </test-method> <!-- testInvalidPassword -->
        <test-method signature="testInvalidUser()[pri:0, instance:tests.LoginTest@1700915]" started-at="2025-05-20T14:04:59 IST" name="testInvalidUser" finished-at="2025-05-20T14:04:59 IST" duration-ms="171" status="PASS">
          <reporter-output>
          </reporter-output>
        </test-method> <!-- testInvalidUser -->
        <test-method signature="testLoginSuccess()[pri:0, instance:tests.LoginTest@1700915]" started-at="2025-05-20T14:04:59 IST" name="testLoginSuccess" finished-at="2025-05-20T14:05:00 IST" duration-ms="1350" status="PASS">
          <reporter-output>
          </reporter-output>
        </test-method> <!-- testLoginSuccess -->
        <test-method is-config="true" signature="tearDown()[pri:0, instance:tests.LoginTest@1700915]" started-at="2025-05-20T14:05:00 IST" name="tearDown" finished-at="2025-05-20T14:05:00 IST" duration-ms="273" status="PASS">
          <reporter-output>
          </reporter-output>
        </test-method> <!-- tearDown -->
      </class> <!-- tests.LoginTest -->
    </test> <!-- Surefire test -->
  </suite> <!-- Surefire suite -->
</testng-results>
